<?xml version="1.0" encoding="UTF-8"?>
<!-- Generated by org.testng.reporters.JUnitReportReporter -->
<testsuite skipped="0" hostname="Umangs-MacBook-Air.local" name="com.netBanking.testCases.TC_AddNewCustomer_002" tests="1" failures="0" timestamp="12 Jan 2021 08:04:12 GMT" time="16.536" errors="0">
  <testcase name="addNewCustomer" time="16.536" classname="com.netBanking.testCases.TC_AddNewCustomer_002"/>
</testsuite> <!-- com.netBanking.testCases.TC_AddNewCustomer_002 -->
